<!DOCTYPE html PUBLIC "-//W3C//DTD XHTML 1.1//EN" "https://www.w3.org/TR/xhtml11/DTD/xhtml11.dtd">
<html xmlns="https://www.w3.org/1999/xhtml">
<head>
<meta http-equiv="content-type" content="text/html; charset=UTF-8"/>
<title>TestNG Report</title>
<style type="text/css">table {margin-bottom:10px;border-collapse:collapse;empty-cells:show}th,td {border:1px solid #009;padding:.25em .5em}th {vertical-align:bottom}td {vertical-align:top}table a {font-weight:bold}.stripe td {background-color: #E6EBF9}.num {text-align:right}.passedodd td {background-color: #3F3}.passedeven td {background-color: #0A0}.skippedodd td {background-color: #DDD}.skippedeven td {background-color: #CCC}.failedodd td,.attn {background-color: #F33}.failedeven td,.stripe .attn {background-color: #D00}.stacktrace {white-space:pre;font-family:monospace}.totop {font-size:85%;text-align:center;border-bottom:2px solid #000}.invisible {display:none}</style>
</head>
<body>
<table>
<tr><th>Test</th><th># Passed</th><th># Skipped</th><th># Retried</th><th># Failed</th><th>Time (ms)</th><th>Included Groups</th><th>Excluded Groups</th></tr>
<tr><th colspan="8">Suite</th></tr>
<tr><td><a href="#t0">Login with Email</a></td><td class="num">1</td><td class="num">0</td><td class="num">0</td><td class="num">0</td><td class="num">13,402</td><td></td><td></td></tr>
<tr class="stripe"><td><a href="#t1">Login with Wrong OTP</a></td><td class="num">1</td><td class="num">0</td><td class="num">0</td><td class="num">0</td><td class="num">16,291</td><td></td><td></td></tr>
<tr><td><a href="#t2">Verify Current URL</a></td><td class="num">1</td><td class="num">0</td><td class="num">0</td><td class="num">0</td><td class="num">4,733</td><td></td><td></td></tr>
<tr class="stripe"><td><a href="#t3">Update Profile</a></td><td class="num">1</td><td class="num">0</td><td class="num">0</td><td class="num">0</td><td class="num">20,420</td><td></td><td></td></tr>
<tr><td><a href="#t4">Search Box Functionality</a></td><td class="num">1</td><td class="num">0</td><td class="num">0</td><td class="num">0</td><td class="num">37,933</td><td></td><td></td></tr>
<tr class="stripe"><td><a href="#t5">Login with Incorrect OTP</a></td><td class="num">0</td><td class="num">0</td><td class="num">0</td><td class="num attn">1</td><td class="num">18,117</td><td></td><td></td></tr>
<tr><td><a href="#t6">Play Video</a></td><td class="num">0</td><td class="num">0</td><td class="num">0</td><td class="num attn">1</td><td class="num">28,818</td><td></td><td></td></tr>
<tr class="stripe"><td><a href="#t7">Footer Terms Conditions</a></td><td class="num">0</td><td class="num">0</td><td class="num">0</td><td class="num attn">1</td><td class="num">26,247</td><td></td><td></td></tr>
<tr><td><a href="#t8">Logout Functionality</a></td><td class="num">0</td><td class="num">0</td><td class="num">0</td><td class="num attn">1</td><td class="num">33,990</td><td></td><td></td></tr>
<tr class="stripe"><td><a href="#t9">Filter Button Check</a></td><td class="num">0</td><td class="num">0</td><td class="num">0</td><td class="num attn">1</td><td class="num">17,714</td><td></td><td></td></tr>
<tr><td><a href="#t10">check on view All button is workable</a></td><td class="num">0</td><td class="num">0</td><td class="num">0</td><td class="num attn">1</td><td class="num">20,264</td><td></td><td></td></tr>
<tr class="stripe"><td><a href="#t11">Check reltead video play or not</a></td><td class="num">0</td><td class="num">0</td><td class="num">0</td><td class="num attn">1</td><td class="num">18,545</td><td></td><td></td></tr>
<tr><td><a href="#t12">Verify Banner is visible or not</a></td><td class="num">1</td><td class="num">0</td><td class="num">0</td><td class="num">0</td><td class="num">33,211</td><td></td><td></td></tr>
<tr class="stripe"><td><a href="#t13">Verify subscription button is visible or not</a></td><td class="num">1</td><td class="num">0</td><td class="num">0</td><td class="num">0</td><td class="num">18,402</td><td></td><td></td></tr>
<tr><td><a href="#t14">verify that without login subscription button is visible</a></td><td class="num">1</td><td class="num">0</td><td class="num">0</td><td class="num">0</td><td class="num">10,304</td><td></td><td></td></tr>
<tr class="stripe"><td><a href="#t15">check after login subscription button is visile</a></td><td class="num">1</td><td class="num">0</td><td class="num">0</td><td class="num">0</td><td class="num">36,019</td><td></td><td></td></tr>
<tr><td><a href="#t16">Verify user already buy a subscription or not</a></td><td class="num">1</td><td class="num">0</td><td class="num">0</td><td class="num">0</td><td class="num">36,248</td><td></td><td></td></tr>
<tr class="stripe"><td><a href="#t17">check if user already buy a subscription so popup is visible or not</a></td><td class="num">1</td><td class="num">0</td><td class="num">0</td><td class="num">0</td><td class="num">26,670</td><td></td><td></td></tr>
<tr><td><a href="#t18">Verify the url</a></td><td class="num">1</td><td class="num">0</td><td class="num">0</td><td class="num">0</td><td class="num">6,068</td><td></td><td></td></tr>
<tr class="stripe"><td><a href="#t19">Verify the current page source</a></td><td class="num">1</td><td class="num">0</td><td class="num">0</td><td class="num">0</td><td class="num">10,185</td><td></td><td></td></tr>
<tr><td><a href="#t20">Verify total number of videos in Homepage</a></td><td class="num">1</td><td class="num">0</td><td class="num">0</td><td class="num">0</td><td class="num">6,662</td><td></td><td></td></tr>
<tr class="stripe"><td><a href="#t21">verify the Applestrore button is redirect or not</a></td><td class="num">1</td><td class="num">0</td><td class="num">0</td><td class="num">0</td><td class="num">21,550</td><td></td><td></td></tr>
<tr><td><a href="#t22">verify the playstore button is redirect or not</a></td><td class="num">1</td><td class="num">0</td><td class="num">0</td><td class="num">0</td><td class="num">23,034</td><td></td><td></td></tr>
<tr class="stripe"><td><a href="#t23">verify that the coupon code  with the price </a></td><td class="num">0</td><td class="num">0</td><td class="num">0</td><td class="num">0</td><td class="num">0</td><td></td><td></td></tr>
<tr><td><a href="#t24">verify that the coupon with the percentage </a></td><td class="num">0</td><td class="num">0</td><td class="num">0</td><td class="num">0</td><td class="num">0</td><td></td><td></td></tr>
<tr><th>Total</th><th class="num">16</th><th class="num">0</th><th class="num">0</th><th class="num attn">7</th><th class="num">484,827</th><th colspan="2"></th></tr>
</table>
<table id='summary'><thead><tr><th>Class</th><th>Method</th><th>Start</th><th>Time (ms)</th></tr></thead><tbody><tr><th colspan="4">Suite</th></tr></tbody><tbody id="t0"><tr><th colspan="4">Login with Email &#8212; passed</th></tr><tr class="passedeven"><td rowspan="1">Chull.TestCase</td><td><a href="#m0">loginWithMailTest</a></td><td rowspan="1">1751972469023</td><td rowspan="1">3756</td></tr></tbody>
<tbody id="t1"><tr><th colspan="4">Login with Wrong OTP &#8212; passed</th></tr><tr class="passedeven"><td rowspan="1">Chull.TestCase</td><td><a href="#m1">loginWithPhoneNumber</a></td><td rowspan="1">1751972479376</td><td rowspan="1">9833</td></tr></tbody>
<tbody id="t2"><tr><th colspan="4">Verify Current URL &#8212; passed</th></tr><tr class="passedeven"><td rowspan="1">Chull.TestCase</td><td><a href="#m2">verifyCurrentUrlTest</a></td><td rowspan="1">1751972494099</td><td rowspan="1">32</td></tr></tbody>
<tbody id="t3"><tr><th colspan="4">Update Profile &#8212; passed</th></tr><tr class="passedeven"><td rowspan="1">Chull.TestCase</td><td><a href="#m3">updateProfileTest</a></td><td rowspan="1">1751972499147</td><td rowspan="1">15157</td></tr></tbody>
<tbody id="t4"><tr><th colspan="4">Search Box Functionality &#8212; passed</th></tr><tr class="passedeven"><td rowspan="1">Chull.TestCase</td><td><a href="#m4">searchVideoTest</a></td><td rowspan="1">1751972519959</td><td rowspan="1">32332</td></tr></tbody>
<tbody id="t5"><tr><th colspan="4">Login with Incorrect OTP &#8212; failed</th></tr><tr class="failedeven"><td rowspan="1">Chull.TestCase</td><td><a href="#m5">wrongOtpLoginTest</a></td><td rowspan="1">1751972558183</td><td rowspan="1">12366</td></tr></tbody>
<tbody id="t6"><tr><th colspan="4">Play Video &#8212; failed</th></tr><tr class="failedeven"><td rowspan="1">Chull.TestCase</td><td><a href="#m6">playVideoTest</a></td><td rowspan="1">1751972578191</td><td rowspan="1">21113</td></tr></tbody>
<tbody id="t7"><tr><th colspan="4">Footer Terms Conditions &#8212; failed</th></tr><tr class="failedeven"><td rowspan="1">Chull.TestCase</td><td><a href="#m7">footerTermsAndConditionsTest</a></td><td rowspan="1">1751972604692</td><td rowspan="1">20900</td></tr></tbody>
<tbody id="t8"><tr><th colspan="4">Logout Functionality &#8212; failed</th></tr><tr class="failedeven"><td rowspan="1">Chull.TestCase</td><td><a href="#m8">logoutTest</a></td><td rowspan="1">1751972631215</td><td rowspan="1">28479</td></tr></tbody>
<tbody id="t9"><tr><th colspan="4">Filter Button Check &#8212; failed</th></tr><tr class="failedeven"><td rowspan="1">Chull.TestCase</td><td><a href="#m9">filterValuesTest</a></td><td rowspan="1">1751972665064</td><td rowspan="1">12296</td></tr></tbody>
<tbody id="t10"><tr><th colspan="4">check on view All button is workable &#8212; failed</th></tr><tr class="failedeven"><td rowspan="1">Chull.TestCase</td><td><a href="#m10">viewAllTest</a></td><td rowspan="1">1751972683205</td><td rowspan="1">13981</td></tr></tbody>
<tbody id="t11"><tr><th colspan="4">Check reltead video play or not &#8212; failed</th></tr><tr class="failedeven"><td rowspan="1">Chull.TestCase</td><td><a href="#m11">checkRelatedvideo</a></td><td rowspan="1">1751972703959</td><td rowspan="1">12391</td></tr></tbody>
<tbody id="t12"><tr><th colspan="4">Verify Banner is visible or not &#8212; passed</th></tr><tr class="passedeven"><td rowspan="1">Chull.TestCase</td><td><a href="#m12">Banner_is_visible</a></td><td rowspan="1">1751972721214</td><td rowspan="1">27397</td></tr></tbody>
<tbody id="t13"><tr><th colspan="4">Verify subscription button is visible or not &#8212; passed</th></tr><tr class="passedeven"><td rowspan="1">Chull.TestCase</td><td><a href="#m13">subscription</a></td><td rowspan="1">1751972755115</td><td rowspan="1">12774</td></tr></tbody>
<tbody id="t14"><tr><th colspan="4">verify that without login subscription button is visible &#8212; passed</th></tr><tr class="passedeven"><td rowspan="1">Chull.TestCase</td><td><a href="#m14">withoutLoginSubscriptionButtonisVisible</a></td><td rowspan="1">1751972778277</td><td rowspan="1">54</td></tr></tbody>
<tbody id="t15"><tr><th colspan="4">check after login subscription button is visile &#8212; passed</th></tr><tr class="passedeven"><td rowspan="1">Chull.TestCase</td><td><a href="#m15">check_SubscriptionisVisible</a></td><td rowspan="1">1751972783084</td><td rowspan="1">31133</td></tr></tbody>
<tbody id="t16"><tr><th colspan="4">Verify user already buy a subscription or not &#8212; passed</th></tr><tr class="passedeven"><td rowspan="1">Chull.TestCase</td><td><a href="#m16">checkUserBuySubscription</a></td><td rowspan="1">1751972834462</td><td rowspan="1">15970</td></tr></tbody>
<tbody id="t17"><tr><th colspan="4">check if user already buy a subscription so popup is visible or not &#8212; passed</th></tr><tr class="passedeven"><td rowspan="1">Chull.TestCase</td><td><a href="#m17">verifyPopupIsVisibleuserBuysubscription</a></td><td rowspan="1">1751972856326</td><td rowspan="1">20413</td></tr></tbody>
<tbody id="t18"><tr><th colspan="4">Verify the url &#8212; passed</th></tr><tr class="passedeven"><td rowspan="1">Chull.TestCase</td><td><a href="#m18">verifyurl</a></td><td rowspan="1">1751972883255</td><td rowspan="1">32</td></tr></tbody>
<tbody id="t19"><tr><th colspan="4">Verify the current page source &#8212; passed</th></tr><tr class="passedeven"><td rowspan="1">Chull.TestCase</td><td><a href="#m19">checkTagname</a></td><td rowspan="1">1751972893338</td><td rowspan="1">119</td></tr></tbody>
<tbody id="t20"><tr><th colspan="4">Verify total number of videos in Homepage &#8212; passed</th></tr><tr class="passedeven"><td rowspan="1">Chull.TestCase</td><td><a href="#m20">countTotalVideosWithNames</a></td><td rowspan="1">1751972898965</td><td rowspan="1">1265</td></tr></tbody>
<tbody id="t21"><tr><th colspan="4">verify the Applestrore button is redirect or not &#8212; passed</th></tr><tr class="passedeven"><td rowspan="1">Chull.TestCase</td><td><a href="#m21">ApplestoreButtonTest</a></td><td rowspan="1">1751972902751</td><td rowspan="1">18727</td></tr></tbody>
<tbody id="t22"><tr><th colspan="4">verify the playstore button is redirect or not &#8212; passed</th></tr><tr class="passedeven"><td rowspan="1">Chull.TestCase</td><td><a href="#m22">playstore</a></td><td rowspan="1">1751972926939</td><td rowspan="1">17577</td></tr></tbody>
<tbody id="t23"><tr><th colspan="4" class="invisible"/></tr></tbody>
<tbody id="t24"><tr><th colspan="4" class="invisible"/></tr></tbody>
</table>
<h2>Login with Email</h2><h3 id="m0">Chull.TestCase#loginWithMailTest</h3><table class="result"><tr><th class="invisible"/></tr></table><p class="totop"><a href="#summary">back to summary</a></p>
<h2>Login with Wrong OTP</h2><h3 id="m1">Chull.TestCase#loginWithPhoneNumber</h3><table class="result"><tr><th class="invisible"/></tr></table><p class="totop"><a href="#summary">back to summary</a></p>
<h2>Verify Current URL</h2><h3 id="m2">Chull.TestCase#verifyCurrentUrlTest</h3><table class="result"><tr><th class="invisible"/></tr></table><p class="totop"><a href="#summary">back to summary</a></p>
<h2>Update Profile</h2><h3 id="m3">Chull.TestCase#updateProfileTest</h3><table class="result"><tr><th class="invisible"/></tr></table><p class="totop"><a href="#summary">back to summary</a></p>
<h2>Search Box Functionality</h2><h3 id="m4">Chull.TestCase#searchVideoTest</h3><table class="result"><tr><th class="invisible"/></tr></table><p class="totop"><a href="#summary">back to summary</a></p>
<h2>Login with Incorrect OTP</h2><h3 id="m5">Chull.TestCase#wrongOtpLoginTest</h3><table class="result"><tr><th>Exception</th></tr><tr><td><div class="stacktrace">org.openqa.selenium.NoSuchElementException: no such element: Unable to locate element: {&quot;method&quot;:&quot;xpath&quot;,&quot;selector&quot;:&quot;//input[@placeholder=&quot;Mobile Number&quot;]&quot;}
  (Session info: chrome=138.0.7204.96)
For documentation on this error, please visit: https://www.selenium.dev/documentation/webdriver/troubleshooting/errors#no-such-element-exception
Build info: version: &apos;4.33.0&apos;, revision: &apos;2c6aaad03a&apos;
System info: os.name: &apos;Windows 11&apos;, os.arch: &apos;amd64&apos;, os.version: &apos;10.0&apos;, java.version: &apos;17.0.12&apos;
Driver info: org.openqa.selenium.chrome.ChromeDriver
Command: [eee2960c521a958ceb319041b36c9417, findElement {value=//input[@placeholder=&quot;Mobile Number&quot;], using=xpath}]
Capabilities {acceptInsecureCerts: false, browserName: chrome, browserVersion: 138.0.7204.96, chrome: {chromedriverVersion: 138.0.7204.92 (f079b9bc781e..., userDataDir: C:\WINDOWS\SystemTemp\scope...}, fedcm:accounts: true, goog:chromeOptions: {debuggerAddress: localhost:64932}, networkConnectionEnabled: false, pageLoadStrategy: normal, platformName: windows, proxy: Proxy(), se:cdp: ws://localhost:64932/devtoo..., se:cdpVersion: 138.0.7204.96, setWindowRect: true, strictFileInteractability: false, timeouts: {implicit: 0, pageLoad: 300000, script: 30000}, unhandledPromptBehavior: dismiss and notify, webauthn:extension:credBlob: true, webauthn:extension:largeBlob: true, webauthn:extension:minPinLength: true, webauthn:extension:prf: true, webauthn:virtualAuthenticators: true}
Session ID: eee2960c521a958ceb319041b36c9417
	at org.openqa.selenium.remote.ErrorCodec.decode(ErrorCodec.java:167)
	at org.openqa.selenium.remote.codec.w3c.W3CHttpResponseCodec.decode(W3CHttpResponseCodec.java:138)
	at org.openqa.selenium.remote.codec.w3c.W3CHttpResponseCodec.decode(W3CHttpResponseCodec.java:50)
	at org.openqa.selenium.remote.HttpCommandExecutor.execute(HttpCommandExecutor.java:215)
	at org.openqa.selenium.remote.service.DriverCommandExecutor.invokeExecute(DriverCommandExecutor.java:216)
	at org.openqa.selenium.remote.service.DriverCommandExecutor.execute(DriverCommandExecutor.java:174)
	at org.openqa.selenium.remote.RemoteWebDriver.execute(RemoteWebDriver.java:544)
	at org.openqa.selenium.remote.ElementLocation$ElementFinder$2.findElement(ElementLocation.java:165)
	at org.openqa.selenium.remote.ElementLocation.findElement(ElementLocation.java:59)
	at org.openqa.selenium.remote.RemoteWebDriver.findElement(RemoteWebDriver.java:367)
	at org.openqa.selenium.remote.RemoteWebDriver.findElement(RemoteWebDriver.java:361)
	at Chull.TestCase.wrongOtpLoginTest(TestCase.java:165)
	at java.base/java.util.concurrent.Executors$RunnableAdapter.call(Executors.java:539)
	at java.base/java.util.concurrent.FutureTask.run(FutureTask.java:264)
	at java.base/java.util.concurrent.ThreadPoolExecutor.runWorker(ThreadPoolExecutor.java:1136)
	at java.base/java.util.concurrent.ThreadPoolExecutor$Worker.run(ThreadPoolExecutor.java:635)
	at java.base/java.lang.Thread.run(Thread.java:842)
... Removed 18 stack frames</div></td></tr></table><p class="totop"><a href="#summary">back to summary</a></p>
<h2>Play Video</h2><h3 id="m6">Chull.TestCase#playVideoTest</h3><table class="result"><tr><th>Exception</th></tr><tr><td><div class="stacktrace">org.openqa.selenium.TimeoutException: Expected condition failed: waiting for element to be clickable: By.xpath: //input[@placeholder=&apos;Mobile Number&apos;] (tried for 20 second(s) with 500 milliseconds interval)
Build info: version: &apos;4.33.0&apos;, revision: &apos;2c6aaad03a&apos;
System info: os.name: &apos;Windows 11&apos;, os.arch: &apos;amd64&apos;, os.version: &apos;10.0&apos;, java.version: &apos;17.0.12&apos;
Driver info: org.openqa.selenium.chrome.ChromeDriver
Capabilities {acceptInsecureCerts: false, browserName: chrome, browserVersion: 138.0.7204.96, chrome: {chromedriverVersion: 138.0.7204.92 (f079b9bc781e..., userDataDir: C:\WINDOWS\SystemTemp\scope...}, fedcm:accounts: true, goog:chromeOptions: {debuggerAddress: localhost:65033}, networkConnectionEnabled: false, pageLoadStrategy: normal, platformName: windows, proxy: Proxy(), se:cdp: ws://localhost:65033/devtoo..., se:cdpVersion: 138.0.7204.96, setWindowRect: true, strictFileInteractability: false, timeouts: {implicit: 0, pageLoad: 300000, script: 30000}, unhandledPromptBehavior: dismiss and notify, webauthn:extension:credBlob: true, webauthn:extension:largeBlob: true, webauthn:extension:minPinLength: true, webauthn:extension:prf: true, webauthn:virtualAuthenticators: true}
Session ID: 9577c5f74ba89e6837128b1080a5750d
	at org.openqa.selenium.support.ui.WebDriverWait.timeoutException(WebDriverWait.java:84)
	at org.openqa.selenium.support.ui.FluentWait.until(FluentWait.java:228)
	at Chull.TestCase.playVideoTest(TestCase.java:188)
	at java.base/java.util.concurrent.Executors$RunnableAdapter.call(Executors.java:539)
	at java.base/java.util.concurrent.FutureTask.run(FutureTask.java:264)
	at java.base/java.util.concurrent.ThreadPoolExecutor.runWorker(ThreadPoolExecutor.java:1136)
	at java.base/java.util.concurrent.ThreadPoolExecutor$Worker.run(ThreadPoolExecutor.java:635)
	at java.base/java.lang.Thread.run(Thread.java:842)
... Removed 13 stack frames</div></td></tr></table><p class="totop"><a href="#summary">back to summary</a></p>
<h2>Footer Terms Conditions</h2><h3 id="m7">Chull.TestCase#footerTermsAndConditionsTest</h3><table class="result"><tr><th>Exception</th></tr><tr><td><div class="stacktrace">org.openqa.selenium.TimeoutException: Expected condition failed: waiting for visibility of element located by By.xpath: //input[@placeholder=&apos;Mobile Number&apos;] (tried for 15 second(s) with 500 milliseconds interval)
Build info: version: &apos;4.33.0&apos;, revision: &apos;2c6aaad03a&apos;
System info: os.name: &apos;Windows 11&apos;, os.arch: &apos;amd64&apos;, os.version: &apos;10.0&apos;, java.version: &apos;17.0.12&apos;
Driver info: org.openqa.selenium.chrome.ChromeDriver
Capabilities {acceptInsecureCerts: false, browserName: chrome, browserVersion: 138.0.7204.96, chrome: {chromedriverVersion: 138.0.7204.92 (f079b9bc781e..., userDataDir: C:\WINDOWS\SystemTemp\scope...}, fedcm:accounts: true, goog:chromeOptions: {debuggerAddress: localhost:65149}, networkConnectionEnabled: false, pageLoadStrategy: normal, platformName: windows, proxy: Proxy(), se:cdp: ws://localhost:65149/devtoo..., se:cdpVersion: 138.0.7204.96, setWindowRect: true, strictFileInteractability: false, timeouts: {implicit: 0, pageLoad: 300000, script: 30000}, unhandledPromptBehavior: dismiss and notify, webauthn:extension:credBlob: true, webauthn:extension:largeBlob: true, webauthn:extension:minPinLength: true, webauthn:extension:prf: true, webauthn:virtualAuthenticators: true}
Session ID: 26e20c354d7540a742ecece0cfd8e7a9
	at org.openqa.selenium.support.ui.WebDriverWait.timeoutException(WebDriverWait.java:84)
	at org.openqa.selenium.support.ui.FluentWait.until(FluentWait.java:228)
	at Chull.TestCase.footerTermsAndConditionsTest(TestCase.java:288)
	at java.base/java.util.concurrent.Executors$RunnableAdapter.call(Executors.java:539)
	at java.base/java.util.concurrent.FutureTask.run(FutureTask.java:264)
	at java.base/java.util.concurrent.ThreadPoolExecutor.runWorker(ThreadPoolExecutor.java:1136)
	at java.base/java.util.concurrent.ThreadPoolExecutor$Worker.run(ThreadPoolExecutor.java:635)
	at java.base/java.lang.Thread.run(Thread.java:842)
... Removed 13 stack frames</div></td></tr></table><p class="totop"><a href="#summary">back to summary</a></p>
<h2>Logout Functionality</h2><h3 id="m8">Chull.TestCase#logoutTest</h3><table class="result"><tr><th>Exception</th></tr><tr><td><div class="stacktrace">org.openqa.selenium.TimeoutException: Expected condition failed: waiting for element to be clickable: By.xpath: (//img[@class=&apos;Movieslogo&apos;])[8] (tried for 10 second(s) with 500 milliseconds interval)
Build info: version: &apos;4.33.0&apos;, revision: &apos;2c6aaad03a&apos;
System info: os.name: &apos;Windows 11&apos;, os.arch: &apos;amd64&apos;, os.version: &apos;10.0&apos;, java.version: &apos;17.0.12&apos;
Driver info: org.openqa.selenium.chrome.ChromeDriver
Capabilities {acceptInsecureCerts: false, browserName: chrome, browserVersion: 138.0.7204.96, chrome: {chromedriverVersion: 138.0.7204.92 (f079b9bc781e..., userDataDir: C:\WINDOWS\SystemTemp\scope...}, fedcm:accounts: true, goog:chromeOptions: {debuggerAddress: localhost:65255}, networkConnectionEnabled: false, pageLoadStrategy: normal, platformName: windows, proxy: Proxy(), se:cdp: ws://localhost:65255/devtoo..., se:cdpVersion: 138.0.7204.96, setWindowRect: true, strictFileInteractability: false, timeouts: {implicit: 0, pageLoad: 300000, script: 30000}, unhandledPromptBehavior: dismiss and notify, webauthn:extension:credBlob: true, webauthn:extension:largeBlob: true, webauthn:extension:minPinLength: true, webauthn:extension:prf: true, webauthn:virtualAuthenticators: true}
Session ID: 2a95a75ba8cbd9d40243fdc999f0f89b
	at org.openqa.selenium.support.ui.WebDriverWait.timeoutException(WebDriverWait.java:84)
	at org.openqa.selenium.support.ui.FluentWait.until(FluentWait.java:228)
	at Chull.TestCase.logoutTest(TestCase.java:414)
	at java.base/java.util.concurrent.Executors$RunnableAdapter.call(Executors.java:539)
	at java.base/java.util.concurrent.FutureTask.run(FutureTask.java:264)
	at java.base/java.util.concurrent.ThreadPoolExecutor.runWorker(ThreadPoolExecutor.java:1136)
	at java.base/java.util.concurrent.ThreadPoolExecutor$Worker.run(ThreadPoolExecutor.java:635)
	at java.base/java.lang.Thread.run(Thread.java:842)
... Removed 13 stack frames</div></td></tr></table><p class="totop"><a href="#summary">back to summary</a></p>
<h2>Filter Button Check</h2><h3 id="m9">Chull.TestCase#filterValuesTest</h3><table class="result"><tr><th>Exception</th></tr><tr><td><div class="stacktrace">org.openqa.selenium.NoSuchElementException: no such element: Unable to locate element: {&quot;method&quot;:&quot;xpath&quot;,&quot;selector&quot;:&quot;//input[@placeholder=&quot;Mobile Number&quot;]&quot;}
  (Session info: chrome=138.0.7204.96)
For documentation on this error, please visit: https://www.selenium.dev/documentation/webdriver/troubleshooting/errors#no-such-element-exception
Build info: version: &apos;4.33.0&apos;, revision: &apos;2c6aaad03a&apos;
System info: os.name: &apos;Windows 11&apos;, os.arch: &apos;amd64&apos;, os.version: &apos;10.0&apos;, java.version: &apos;17.0.12&apos;
Driver info: org.openqa.selenium.chrome.ChromeDriver
Command: [3bbd3d9aa0c2a415d15023376cc7fff2, findElement {value=//input[@placeholder=&quot;Mobile Number&quot;], using=xpath}]
Capabilities {acceptInsecureCerts: false, browserName: chrome, browserVersion: 138.0.7204.96, chrome: {chromedriverVersion: 138.0.7204.92 (f079b9bc781e..., userDataDir: C:\WINDOWS\SystemTemp\scope...}, fedcm:accounts: true, goog:chromeOptions: {debuggerAddress: localhost:65376}, networkConnectionEnabled: false, pageLoadStrategy: normal, platformName: windows, proxy: Proxy(), se:cdp: ws://localhost:65376/devtoo..., se:cdpVersion: 138.0.7204.96, setWindowRect: true, strictFileInteractability: false, timeouts: {implicit: 0, pageLoad: 300000, script: 30000}, unhandledPromptBehavior: dismiss and notify, webauthn:extension:credBlob: true, webauthn:extension:largeBlob: true, webauthn:extension:minPinLength: true, webauthn:extension:prf: true, webauthn:virtualAuthenticators: true}
Session ID: 3bbd3d9aa0c2a415d15023376cc7fff2
	at org.openqa.selenium.remote.ErrorCodec.decode(ErrorCodec.java:167)
	at org.openqa.selenium.remote.codec.w3c.W3CHttpResponseCodec.decode(W3CHttpResponseCodec.java:138)
	at org.openqa.selenium.remote.codec.w3c.W3CHttpResponseCodec.decode(W3CHttpResponseCodec.java:50)
	at org.openqa.selenium.remote.HttpCommandExecutor.execute(HttpCommandExecutor.java:215)
	at org.openqa.selenium.remote.service.DriverCommandExecutor.invokeExecute(DriverCommandExecutor.java:216)
	at org.openqa.selenium.remote.service.DriverCommandExecutor.execute(DriverCommandExecutor.java:174)
	at org.openqa.selenium.remote.RemoteWebDriver.execute(RemoteWebDriver.java:544)
	at org.openqa.selenium.remote.ElementLocation$ElementFinder$2.findElement(ElementLocation.java:165)
	at org.openqa.selenium.remote.ElementLocation.findElement(ElementLocation.java:59)
	at org.openqa.selenium.remote.RemoteWebDriver.findElement(RemoteWebDriver.java:367)
	at org.openqa.selenium.remote.RemoteWebDriver.findElement(RemoteWebDriver.java:361)
	at Chull.TestCase.filterValuesTest(TestCase.java:544)
	at java.base/java.util.concurrent.Executors$RunnableAdapter.call(Executors.java:539)
	at java.base/java.util.concurrent.FutureTask.run(FutureTask.java:264)
	at java.base/java.util.concurrent.ThreadPoolExecutor.runWorker(ThreadPoolExecutor.java:1136)
	at java.base/java.util.concurrent.ThreadPoolExecutor$Worker.run(ThreadPoolExecutor.java:635)
	at java.base/java.lang.Thread.run(Thread.java:842)
... Removed 18 stack frames</div></td></tr></table><p class="totop"><a href="#summary">back to summary</a></p>
<h2>check on view All button is workable</h2><h3 id="m10">Chull.TestCase#viewAllTest</h3><table class="result"><tr><th>Exception</th></tr><tr><td><div class="stacktrace">org.openqa.selenium.NoSuchElementException: no such element: Unable to locate element: {&quot;method&quot;:&quot;xpath&quot;,&quot;selector&quot;:&quot;//input[@placeholder=&apos;Mobile Number&apos;]&quot;}
  (Session info: chrome=138.0.7204.96)
For documentation on this error, please visit: https://www.selenium.dev/documentation/webdriver/troubleshooting/errors#no-such-element-exception
Build info: version: &apos;4.33.0&apos;, revision: &apos;2c6aaad03a&apos;
System info: os.name: &apos;Windows 11&apos;, os.arch: &apos;amd64&apos;, os.version: &apos;10.0&apos;, java.version: &apos;17.0.12&apos;
Driver info: org.openqa.selenium.chrome.ChromeDriver
Command: [78d40b32d53ae31cbf040d782f7a4497, findElement {value=//input[@placeholder=&apos;Mobile Number&apos;], using=xpath}]
Capabilities {acceptInsecureCerts: false, browserName: chrome, browserVersion: 138.0.7204.96, chrome: {chromedriverVersion: 138.0.7204.92 (f079b9bc781e..., userDataDir: C:\WINDOWS\SystemTemp\scope...}, fedcm:accounts: true, goog:chromeOptions: {debuggerAddress: localhost:65465}, networkConnectionEnabled: false, pageLoadStrategy: normal, platformName: windows, proxy: Proxy(), se:cdp: ws://localhost:65465/devtoo..., se:cdpVersion: 138.0.7204.96, setWindowRect: true, strictFileInteractability: false, timeouts: {implicit: 0, pageLoad: 300000, script: 30000}, unhandledPromptBehavior: dismiss and notify, webauthn:extension:credBlob: true, webauthn:extension:largeBlob: true, webauthn:extension:minPinLength: true, webauthn:extension:prf: true, webauthn:virtualAuthenticators: true}
Session ID: 78d40b32d53ae31cbf040d782f7a4497
	at org.openqa.selenium.remote.ErrorCodec.decode(ErrorCodec.java:167)
	at org.openqa.selenium.remote.codec.w3c.W3CHttpResponseCodec.decode(W3CHttpResponseCodec.java:138)
	at org.openqa.selenium.remote.codec.w3c.W3CHttpResponseCodec.decode(W3CHttpResponseCodec.java:50)
	at org.openqa.selenium.remote.HttpCommandExecutor.execute(HttpCommandExecutor.java:215)
	at org.openqa.selenium.remote.service.DriverCommandExecutor.invokeExecute(DriverCommandExecutor.java:216)
	at org.openqa.selenium.remote.service.DriverCommandExecutor.execute(DriverCommandExecutor.java:174)
	at org.openqa.selenium.remote.RemoteWebDriver.execute(RemoteWebDriver.java:544)
	at org.openqa.selenium.remote.ElementLocation$ElementFinder$2.findElement(ElementLocation.java:165)
	at org.openqa.selenium.remote.ElementLocation.findElement(ElementLocation.java:59)
	at org.openqa.selenium.remote.RemoteWebDriver.findElement(RemoteWebDriver.java:367)
	at org.openqa.selenium.remote.RemoteWebDriver.findElement(RemoteWebDriver.java:361)
	at Chull.TestCase.viewAllTest(TestCase.java:447)
	at java.base/java.util.concurrent.Executors$RunnableAdapter.call(Executors.java:539)
	at java.base/java.util.concurrent.FutureTask.run(FutureTask.java:264)
	at java.base/java.util.concurrent.ThreadPoolExecutor.runWorker(ThreadPoolExecutor.java:1136)
	at java.base/java.util.concurrent.ThreadPoolExecutor$Worker.run(ThreadPoolExecutor.java:635)
	at java.base/java.lang.Thread.run(Thread.java:842)
... Removed 18 stack frames</div></td></tr></table><p class="totop"><a href="#summary">back to summary</a></p>
<h2>Check reltead video play or not</h2><h3 id="m11">Chull.TestCase#checkRelatedvideo</h3><table class="result"><tr><th>Exception</th></tr><tr><td><div class="stacktrace">org.openqa.selenium.NoSuchElementException: no such element: Unable to locate element: {&quot;method&quot;:&quot;xpath&quot;,&quot;selector&quot;:&quot;//input[@placeholder=&quot;Mobile Number&quot;]&quot;}
  (Session info: chrome=138.0.7204.96)
For documentation on this error, please visit: https://www.selenium.dev/documentation/webdriver/troubleshooting/errors#no-such-element-exception
Build info: version: &apos;4.33.0&apos;, revision: &apos;2c6aaad03a&apos;
System info: os.name: &apos;Windows 11&apos;, os.arch: &apos;amd64&apos;, os.version: &apos;10.0&apos;, java.version: &apos;17.0.12&apos;
Driver info: org.openqa.selenium.chrome.ChromeDriver
Command: [3c139c306bb861a6c21356b8754fb438, findElement {value=//input[@placeholder=&quot;Mobile Number&quot;], using=xpath}]
Capabilities {acceptInsecureCerts: false, browserName: chrome, browserVersion: 138.0.7204.96, chrome: {chromedriverVersion: 138.0.7204.92 (f079b9bc781e..., userDataDir: C:\WINDOWS\SystemTemp\scope...}, fedcm:accounts: true, goog:chromeOptions: {debuggerAddress: localhost:49289}, networkConnectionEnabled: false, pageLoadStrategy: normal, platformName: windows, proxy: Proxy(), se:cdp: ws://localhost:49289/devtoo..., se:cdpVersion: 138.0.7204.96, setWindowRect: true, strictFileInteractability: false, timeouts: {implicit: 0, pageLoad: 300000, script: 30000}, unhandledPromptBehavior: dismiss and notify, webauthn:extension:credBlob: true, webauthn:extension:largeBlob: true, webauthn:extension:minPinLength: true, webauthn:extension:prf: true, webauthn:virtualAuthenticators: true}
Session ID: 3c139c306bb861a6c21356b8754fb438
	at org.openqa.selenium.remote.ErrorCodec.decode(ErrorCodec.java:167)
	at org.openqa.selenium.remote.codec.w3c.W3CHttpResponseCodec.decode(W3CHttpResponseCodec.java:138)
	at org.openqa.selenium.remote.codec.w3c.W3CHttpResponseCodec.decode(W3CHttpResponseCodec.java:50)
	at org.openqa.selenium.remote.HttpCommandExecutor.execute(HttpCommandExecutor.java:215)
	at org.openqa.selenium.remote.service.DriverCommandExecutor.invokeExecute(DriverCommandExecutor.java:216)
	at org.openqa.selenium.remote.service.DriverCommandExecutor.execute(DriverCommandExecutor.java:174)
	at org.openqa.selenium.remote.RemoteWebDriver.execute(RemoteWebDriver.java:544)
	at org.openqa.selenium.remote.ElementLocation$ElementFinder$2.findElement(ElementLocation.java:165)
	at org.openqa.selenium.remote.ElementLocation.findElement(ElementLocation.java:59)
	at org.openqa.selenium.remote.RemoteWebDriver.findElement(RemoteWebDriver.java:367)
	at org.openqa.selenium.remote.RemoteWebDriver.findElement(RemoteWebDriver.java:361)
	at Chull.TestCase.checkRelatedvideo(TestCase.java:619)
	at java.base/java.util.concurrent.Executors$RunnableAdapter.call(Executors.java:539)
	at java.base/java.util.concurrent.FutureTask.run(FutureTask.java:264)
	at java.base/java.util.concurrent.ThreadPoolExecutor.runWorker(ThreadPoolExecutor.java:1136)
	at java.base/java.util.concurrent.ThreadPoolExecutor$Worker.run(ThreadPoolExecutor.java:635)
	at java.base/java.lang.Thread.run(Thread.java:842)
... Removed 18 stack frames</div></td></tr></table><p class="totop"><a href="#summary">back to summary</a></p>
<h2>Verify Banner is visible or not</h2><h3 id="m12">Chull.TestCase#Banner_is_visible</h3><table class="result"><tr><th class="invisible"/></tr></table><p class="totop"><a href="#summary">back to summary</a></p>
<h2>Verify subscription button is visible or not</h2><h3 id="m13">Chull.TestCase#subscription</h3><table class="result"><tr><th class="invisible"/></tr></table><p class="totop"><a href="#summary">back to summary</a></p>
<h2>verify that without login subscription button is visible</h2><h3 id="m14">Chull.TestCase#withoutLoginSubscriptionButtonisVisible</h3><table class="result"><tr><th class="invisible"/></tr></table><p class="totop"><a href="#summary">back to summary</a></p>
<h2>check after login subscription button is visile</h2><h3 id="m15">Chull.TestCase#check_SubscriptionisVisible</h3><table class="result"><tr><th class="invisible"/></tr></table><p class="totop"><a href="#summary">back to summary</a></p>
<h2>Verify user already buy a subscription or not</h2><h3 id="m16">Chull.TestCase#checkUserBuySubscription</h3><table class="result"><tr><th class="invisible"/></tr></table><p class="totop"><a href="#summary">back to summary</a></p>
<h2>check if user already buy a subscription so popup is visible or not</h2><h3 id="m17">Chull.TestCase#verifyPopupIsVisibleuserBuysubscription</h3><table class="result"><tr><th class="invisible"/></tr></table><p class="totop"><a href="#summary">back to summary</a></p>
<h2>Verify the url</h2><h3 id="m18">Chull.TestCase#verifyurl</h3><table class="result"><tr><th class="invisible"/></tr></table><p class="totop"><a href="#summary">back to summary</a></p>
<h2>Verify the current page source</h2><h3 id="m19">Chull.TestCase#checkTagname</h3><table class="result"><tr><th class="invisible"/></tr></table><p class="totop"><a href="#summary">back to summary</a></p>
<h2>Verify total number of videos in Homepage</h2><h3 id="m20">Chull.TestCase#countTotalVideosWithNames</h3><table class="result"><tr><th class="invisible"/></tr></table><p class="totop"><a href="#summary">back to summary</a></p>
<h2>verify the Applestrore button is redirect or not</h2><h3 id="m21">Chull.TestCase#ApplestoreButtonTest</h3><table class="result"><tr><th class="invisible"/></tr></table><p class="totop"><a href="#summary">back to summary</a></p>
<h2>verify the playstore button is redirect or not</h2><h3 id="m22">Chull.TestCase#playstore</h3><table class="result"><tr><th class="invisible"/></tr></table><p class="totop"><a href="#summary">back to summary</a></p>
<h2>verify that the coupon code  with the price </h2><h2>verify that the coupon with the percentage </h2></body>
</html>
